<?xml version="1.0" encoding="UTF-8"?>
<!-- Generated by org.testng.reporters.JUnitReportReporter -->
<testsuite hostname="marian-Yoga-7-14IRL8" failures="0" tests="1" name="LibraryTest" time="0.000" errors="0" timestamp="20 nov. 2023 14:31:37 GMT" skipped="0">
  <testcase classname="LibraryTest" name="testLibraryFunctionality" time="0.000"/>
</testsuite> <!-- LibraryTest -->
