<?xml version="1.0" encoding="UTF-8"?>
<!-- Generated by org.testng.reporters.JUnitReportReporter -->
<testsuite hostname="marian-Yoga-7-14IRL8" failures="0" tests="5" name="SumaTest" time="0.000" errors="0" timestamp="20 nov. 2023 14:31:37 GMT" skipped="0">
  <testcase classname="SumaTest" name="sumarNulos" time="0.000"/>
  <testcase classname="SumaTest" name="sumarPositivos" time="0.000"/>
  <testcase classname="SumaTest" name="sumarFlotantes" time="0.000"/>
  <testcase classname="SumaTest" name="sumarLetras" time="0.000"/>
  <testcase classname="SumaTest" name="sumarNegativos" time="0.000"/>
</testsuite> <!-- SumaTest -->
